<?xml version="1.0" encoding="UTF-8"?>
<testsuite name="com.galvanize.intergration.RoomsApiIntegrationTest" tests="5" skipped="0" failures="0" errors="0" timestamp="2016-12-19T21:40:47" hostname="darkmatter" time="0.986">
  <properties/>
  <testcase name="postResponseWithStatusCodeCreated" classname="com.galvanize.intergration.RoomsApiIntegrationTest" time="0.686"/>
  <testcase name="postRespondsWithStatusCodeUnprocessableEntityForRoomWithEmptyName" classname="com.galvanize.intergration.RoomsApiIntegrationTest" time="0.153"/>
  <testcase name="postResponseWithCreatedRoom" classname="com.galvanize.intergration.RoomsApiIntegrationTest" time="0.034"/>
  <testcase name="postRespondsWithDetailsOfValidError" classname="com.galvanize.intergration.RoomsApiIntegrationTest" time="0.035"/>
  <testcase name="addsTheInstanceToTheDatabase" classname="com.galvanize.intergration.RoomsApiIntegrationTest" time="0.028"/>
  <system-out><![CDATA[21:40:41.567 [Test worker] DEBUG org.springframework.test.context.junit4.SpringJUnit4ClassRunner - SpringJUnit4ClassRunner constructor called with [class com.galvanize.intergration.RoomsApiIntegrationTest]
21:40:41.575 [Test worker] DEBUG org.springframework.test.context.BootstrapUtils - Instantiating CacheAwareContextLoaderDelegate from class [org.springframework.test.context.cache.DefaultCacheAwareContextLoaderDelegate]
21:40:41.583 [Test worker] DEBUG org.springframework.test.context.BootstrapUtils - Instantiating BootstrapContext using constructor [public org.springframework.test.context.support.DefaultBootstrapContext(java.lang.Class,org.springframework.test.context.CacheAwareContextLoaderDelegate)]
21:40:41.603 [Test worker] DEBUG org.springframework.test.context.BootstrapUtils - Instantiating TestContextBootstrapper for test class [com.galvanize.intergration.RoomsApiIntegrationTest] from class [org.springframework.boot.test.WebAppIntegrationTestContextBootstrapper]
21:40:41.640 [Test worker] DEBUG org.springframework.boot.test.WebAppIntegrationTestContextBootstrapper - Found explicit ContextLoader class [org.springframework.boot.test.SpringApplicationContextLoader] for context configuration attributes [ContextConfigurationAttributes@225725bf declaringClass = 'com.galvanize.intergration.RoomsApiIntegrationTest', classes = '{class com.galvanize.Application}', locations = '{}', inheritLocations = true, initializers = '{}', inheritInitializers = true, name = [null], contextLoaderClass = 'org.springframework.boot.test.SpringApplicationContextLoader']
21:40:41.653 [Test worker] DEBUG org.springframework.test.context.support.AbstractContextLoader - Did not detect default resource location for test class [com.galvanize.intergration.RoomsApiIntegrationTest]: class path resource [com/galvanize/intergration/RoomsApiIntegrationTest-context.xml] does not exist
21:40:41.653 [Test worker] DEBUG org.springframework.test.context.support.AbstractContextLoader - Did not detect default resource location for test class [com.galvanize.intergration.RoomsApiIntegrationTest]: class path resource [com/galvanize/intergration/RoomsApiIntegrationTestContext.groovy] does not exist
21:40:41.654 [Test worker] INFO org.springframework.test.context.support.AbstractContextLoader - Could not detect default resource locations for test class [com.galvanize.intergration.RoomsApiIntegrationTest]: no resource found for suffixes {-context.xml, Context.groovy}.
21:40:41.657 [Test worker] DEBUG org.springframework.test.context.support.ActiveProfilesUtils - Could not find an 'annotation declaring class' for annotation type [org.springframework.test.context.ActiveProfiles] and class [com.galvanize.intergration.RoomsApiIntegrationTest]
21:40:41.666 [Test worker] DEBUG org.springframework.test.util.ReflectionTestUtils - Setting field 'propertySourceProperties' of type [null] on target object [[WebMergedContextConfiguration@a9f6d2d testClass = RoomsApiIntegrationTest, locations = '{}', classes = '{class com.galvanize.Application}', contextInitializerClasses = '[]', activeProfiles = '{}', propertySourceLocations = '{}', propertySourceProperties = '{}', resourceBasePath = '', contextLoader = 'org.springframework.boot.test.SpringApplicationContextLoader', parent = [null]]] or target class [class org.springframework.test.context.web.WebMergedContextConfiguration] to value [[Ljava.lang.String;@5676f55b]
21:40:41.667 [Test worker] DEBUG org.springframework.boot.test.WebAppIntegrationTestContextBootstrapper - @TestExecutionListeners is not present for class [com.galvanize.intergration.RoomsApiIntegrationTest]: using defaults.
21:40:41.680 [Test worker] INFO org.springframework.boot.test.WebAppIntegrationTestContextBootstrapper - Loaded default TestExecutionListener class names from location [META-INF/spring.factories]: [org.springframework.test.context.web.ServletTestExecutionListener, org.springframework.test.context.support.DirtiesContextBeforeModesTestExecutionListener, org.springframework.test.context.support.DependencyInjectionTestExecutionListener, org.springframework.test.context.support.DirtiesContextTestExecutionListener, org.springframework.test.context.transaction.TransactionalTestExecutionListener, org.springframework.test.context.jdbc.SqlScriptsTestExecutionListener]
21:40:41.712 [Test worker] INFO org.springframework.boot.test.WebAppIntegrationTestContextBootstrapper - Using TestExecutionListeners: [org.springframework.test.context.web.ServletTestExecutionListener@2b21d95b, org.springframework.test.context.support.DirtiesContextBeforeModesTestExecutionListener@685b7bb1, org.springframework.test.context.support.DependencyInjectionTestExecutionListener@4f23c1c2, org.springframework.test.context.support.DirtiesContextTestExecutionListener@2b9714e1, org.springframework.test.context.transaction.TransactionalTestExecutionListener@ed9fbc9, org.springframework.test.context.jdbc.SqlScriptsTestExecutionListener@3d6c9f50]
21:40:41.718 [Test worker] DEBUG org.springframework.test.annotation.ProfileValueUtils - Retrieved @ProfileValueSourceConfiguration [null] for test class [com.galvanize.intergration.RoomsApiIntegrationTest]
21:40:41.720 [Test worker] DEBUG org.springframework.test.annotation.ProfileValueUtils - Retrieved ProfileValueSource type [class org.springframework.test.annotation.SystemProfileValueSource] for class [com.galvanize.intergration.RoomsApiIntegrationTest]
21:40:41.722 [Test worker] DEBUG org.springframework.test.annotation.ProfileValueUtils - Retrieved @ProfileValueSourceConfiguration [null] for test class [com.galvanize.intergration.RoomsApiIntegrationTest]
21:40:41.723 [Test worker] DEBUG org.springframework.test.annotation.ProfileValueUtils - Retrieved ProfileValueSource type [class org.springframework.test.annotation.SystemProfileValueSource] for class [com.galvanize.intergration.RoomsApiIntegrationTest]
21:40:41.735 [Test worker] DEBUG org.springframework.test.context.support.AbstractDirtiesContextTestExecutionListener - Before test class: context [DefaultTestContext@1a0867d8 testClass = RoomsApiIntegrationTest, testInstance = [null], testMethod = [null], testException = [null], mergedContextConfiguration = [WebMergedContextConfiguration@a9f6d2d testClass = RoomsApiIntegrationTest, locations = '{}', classes = '{class com.galvanize.Application}', contextInitializerClasses = '[]', activeProfiles = '{}', propertySourceLocations = '{}', propertySourceProperties = '{org.springframework.boot.test.IntegrationTest=true}', resourceBasePath = '', contextLoader = 'org.springframework.boot.test.SpringApplicationContextLoader', parent = [null]]], class annotated with @DirtiesContext [false] with mode [null].
21:40:41.737 [Test worker] DEBUG org.springframework.test.annotation.ProfileValueUtils - Retrieved @ProfileValueSourceConfiguration [null] for test class [com.galvanize.intergration.RoomsApiIntegrationTest]
21:40:41.737 [Test worker] DEBUG org.springframework.test.annotation.ProfileValueUtils - Retrieved ProfileValueSource type [class org.springframework.test.annotation.SystemProfileValueSource] for class [com.galvanize.intergration.RoomsApiIntegrationTest]
21:40:42.141 [Test worker] DEBUG org.springframework.test.context.support.DependencyInjectionTestExecutionListener - Performing dependency injection for test context [[DefaultTestContext@1a0867d8 testClass = RoomsApiIntegrationTest, testInstance = com.galvanize.intergration.RoomsApiIntegrationTest@6dcdd932, testMethod = [null], testException = [null], mergedContextConfiguration = [WebMergedContextConfiguration@a9f6d2d testClass = RoomsApiIntegrationTest, locations = '{}', classes = '{class com.galvanize.Application}', contextInitializerClasses = '[]', activeProfiles = '{}', propertySourceLocations = '{}', propertySourceProperties = '{org.springframework.boot.test.IntegrationTest=true}', resourceBasePath = '', contextLoader = 'org.springframework.boot.test.SpringApplicationContextLoader', parent = [null]]]].
21:40:42.252 [Test worker] DEBUG org.springframework.core.env.StandardEnvironment - Adding [systemProperties] PropertySource with lowest search precedence
21:40:42.255 [Test worker] DEBUG org.springframework.core.env.StandardEnvironment - Adding [systemEnvironment] PropertySource with lowest search precedence
21:40:42.256 [Test worker] DEBUG org.springframework.core.env.StandardEnvironment - Initialized StandardEnvironment with PropertySources [systemProperties,systemEnvironment]
21:40:42.259 [Test worker] DEBUG org.springframework.core.env.StandardEnvironment - Adding [integrationTest] PropertySource with search precedence immediately lower than [systemEnvironment]

  .   ____          _            __ _ _
 /\\ / ___'_ __ _ _(_)_ __  __ _ \ \ \ \
( ( )\___ | '_ | '_| | '_ \/ _` | \ \ \ \
 \\/  ___)| |_)| | | | | || (_| |  ) ) ) )
  '  |____| .__|_| |_|_| |_\__, | / / / /
 =========|_|==============|___/=/_/_/_/
 :: Spring Boot ::        (v1.3.5.RELEASE)

2016-12-19 21:40:42.787  INFO 819 --- [    Test worker] c.g.i.RoomsApiIntegrationTest            : Starting RoomsApiIntegrationTest on darkmatter with PID 819 (/home/itfleming/MyProjects/CompoZed/spring_restful_api_homework/build/classes/test started by itfleming in /home/itfleming/MyProjects/CompoZed/spring_restful_api_homework)
2016-12-19 21:40:42.789  INFO 819 --- [    Test worker] c.g.i.RoomsApiIntegrationTest            : No active profile set, falling back to default profiles: default
2016-12-19 21:40:42.889  INFO 819 --- [    Test worker] ationConfigEmbeddedWebApplicationContext : Refreshing org.springframework.boot.context.embedded.AnnotationConfigEmbeddedWebApplicationContext@3501ad7b: startup date [Mon Dec 19 21:40:42 GMT 2016]; root of context hierarchy
2016-12-19 21:40:45.332  INFO 819 --- [    Test worker] s.b.c.e.t.TomcatEmbeddedServletContainer : Tomcat initialized with port(s): 8080 (http)
2016-12-19 21:40:45.353  INFO 819 --- [    Test worker] o.apache.catalina.core.StandardService   : Starting service Tomcat
2016-12-19 21:40:45.357  INFO 819 --- [    Test worker] org.apache.catalina.core.StandardEngine  : Starting Servlet Engine: Apache Tomcat/8.0.33
2016-12-19 21:40:45.521  INFO 819 --- [ost-startStop-1] o.a.c.c.C.[Tomcat].[localhost].[/]       : Initializing Spring embedded WebApplicationContext
2016-12-19 21:40:45.522  INFO 819 --- [ost-startStop-1] o.s.web.context.ContextLoader            : Root WebApplicationContext: initialization completed in 2638 ms
2016-12-19 21:40:45.992  INFO 819 --- [ost-startStop-1] o.s.b.c.e.ServletRegistrationBean        : Mapping servlet: 'dispatcherServlet' to [/]
2016-12-19 21:40:46.004  INFO 819 --- [ost-startStop-1] o.s.b.c.embedded.FilterRegistrationBean  : Mapping filter: 'characterEncodingFilter' to: [/*]
2016-12-19 21:40:46.005  INFO 819 --- [ost-startStop-1] o.s.b.c.embedded.FilterRegistrationBean  : Mapping filter: 'hiddenHttpMethodFilter' to: [/*]
2016-12-19 21:40:46.006  INFO 819 --- [ost-startStop-1] o.s.b.c.embedded.FilterRegistrationBean  : Mapping filter: 'httpPutFormContentFilter' to: [/*]
2016-12-19 21:40:46.006  INFO 819 --- [ost-startStop-1] o.s.b.c.embedded.FilterRegistrationBean  : Mapping filter: 'requestContextFilter' to: [/*]
2016-12-19 21:40:46.967  INFO 819 --- [    Test worker] s.w.s.m.m.a.RequestMappingHandlerAdapter : Looking for @ControllerAdvice: org.springframework.boot.context.embedded.AnnotationConfigEmbeddedWebApplicationContext@3501ad7b: startup date [Mon Dec 19 21:40:42 GMT 2016]; root of context hierarchy
2016-12-19 21:40:47.073  INFO 819 --- [    Test worker] s.w.s.m.m.a.RequestMappingHandlerMapping : Mapped "{[/rooms],methods=[POST]}" onto public com.galvanize.Room com.galvanize.RoomsController.createRoom(com.galvanize.Room)
2016-12-19 21:40:47.078  INFO 819 --- [    Test worker] s.w.s.m.m.a.RequestMappingHandlerMapping : Mapped "{[/error],produces=[text/html]}" onto public org.springframework.web.servlet.ModelAndView org.springframework.boot.autoconfigure.web.BasicErrorController.errorHtml(javax.servlet.http.HttpServletRequest,javax.servlet.http.HttpServletResponse)
2016-12-19 21:40:47.078  INFO 819 --- [    Test worker] s.w.s.m.m.a.RequestMappingHandlerMapping : Mapped "{[/error]}" onto public org.springframework.http.ResponseEntity<java.util.Map<java.lang.String, java.lang.Object>> org.springframework.boot.autoconfigure.web.BasicErrorController.error(javax.servlet.http.HttpServletRequest)
2016-12-19 21:40:47.118  INFO 819 --- [    Test worker] o.s.w.s.handler.SimpleUrlHandlerMapping  : Mapped URL path [/webjars/**] onto handler of type [class org.springframework.web.servlet.resource.ResourceHttpRequestHandler]
2016-12-19 21:40:47.118  INFO 819 --- [    Test worker] o.s.w.s.handler.SimpleUrlHandlerMapping  : Mapped URL path [/**] onto handler of type [class org.springframework.web.servlet.resource.ResourceHttpRequestHandler]
2016-12-19 21:40:47.175  INFO 819 --- [    Test worker] o.s.w.s.handler.SimpleUrlHandlerMapping  : Mapped URL path [/**/favicon.ico] onto handler of type [class org.springframework.web.servlet.resource.ResourceHttpRequestHandler]
2016-12-19 21:40:47.384  INFO 819 --- [    Test worker] s.b.c.e.t.TomcatEmbeddedServletContainer : Tomcat started on port(s): 8080 (http)
2016-12-19 21:40:47.394  INFO 819 --- [    Test worker] c.g.i.RoomsApiIntegrationTest            : Started RoomsApiIntegrationTest in 5.125 seconds (JVM running for 6.871)
2016-12-19 21:40:47.901  INFO 819 --- [nio-8080-exec-1] o.a.c.c.C.[Tomcat].[localhost].[/]       : Initializing Spring FrameworkServlet 'dispatcherServlet'
2016-12-19 21:40:47.902  INFO 819 --- [nio-8080-exec-1] o.s.web.servlet.DispatcherServlet        : FrameworkServlet 'dispatcherServlet': initialization started
2016-12-19 21:40:47.925  INFO 819 --- [nio-8080-exec-1] o.s.web.servlet.DispatcherServlet        : FrameworkServlet 'dispatcherServlet': initialization completed in 23 ms
]]></system-out>
  <system-err><![CDATA[]]></system-err>
</testsuite>
