<?xml version="1.0" encoding="UTF-8"?>
<testsuite name="com.galvanize.models.RoomTest" tests="1" skipped="0" failures="0" errors="0" timestamp="2016-12-04T16:45:40" hostname="darkmatter" time="0.045">
  <properties/>
  <testcase name="ensureNameIsNotNull" classname="com.galvanize.models.RoomTest" time="0.045"/>
  <system-out><![CDATA[]]></system-out>
  <system-err><![CDATA[]]></system-err>
</testsuite>
